Traceback (most recent call last):
  File "<frozen importlib._bootstrap_external>", line 93, in _path_is_mode_type
  File "<frozen importlib._bootstrap_external>", line 87, in _path_stat
FileNotFoundError: [WinError 2] The system cannot find the file specified: 'C:\\Dvip\\plantric-root\\venv\\lib\\site-packages\\torch\\ao\\quantization\\__init__.cp38-win_amd64.pyd'

During handling of the above exception, another exception occurred:

Traceback (most recent call last):
  File "scripts\classifier\finetune\train_multitask_deberta.py", line 31, in <module>
    import torch
  File "C:\Dvip\plantric-root\venv\lib\site-packages\torch\__init__.py", line 1285, in <module>
    from torch import quantization as quantization
  File "C:\Dvip\plantric-root\venv\lib\site-packages\torch\quantization\__init__.py", line 1, in <module>
    from .quantize import *  # noqa: F403
  File "C:\Dvip\plantric-root\venv\lib\site-packages\torch\quantization\quantize.py", line 10, in <module>
    from torch.ao.quantization.quantize import _convert
  File "<frozen importlib._bootstrap>", line 991, in _find_and_load
  File "<frozen importlib._bootstrap>", line 971, in _find_and_load_unlocked
  File "<frozen importlib._bootstrap>", line 914, in _find_spec
  File "<frozen importlib._bootstrap_external>", line 1342, in find_spec
  File "<frozen importlib._bootstrap_external>", line 1314, in _get_spec
  File "<frozen importlib._bootstrap_external>", line 1458, in find_spec
  File "<frozen importlib._bootstrap_external>", line 101, in _path_isfile
  File "<frozen importlib._bootstrap_external>", line 93, in _path_is_mode_type
KeyboardInterrupt
^C